[0m09:53:45.113772 [debug] [MainThread]: Sending event: {'category': 'dbt', 'action': 'invocation', 'label': 'start', 'context': [<snowplow_tracker.self_describing_json.SelfDescribingJson object at 0x0000022B66741FD0>, <snowplow_tracker.self_describing_json.SelfDescribingJson object at 0x0000022B68A4FED0>, <snowplow_tracker.self_describing_json.SelfDescribingJson object at 0x0000022B68A4FB10>]}


============================== 09:53:45.185389 | b26073b5-bb19-4659-bc85-6d4a76a6c3b1 ==============================
[0m09:53:45.185389 [info ] [MainThread]: Running with dbt=1.11.6
[0m09:53:45.186238 [debug] [MainThread]: running dbt with arguments {'static_parser': 'True', 'no_print': 'None', 'version_check': 'True', 'target_path': 'None', 'warn_error_options': 'WarnErrorOptionsV2(error=[], warn=[], silence=[])', 'printer_width': '80', 'write_json': 'True', 'introspect': 'True', 'log_cache_events': 'False', 'empty': 'None', 'cache_selected_only': 'False', 'fail_fast': 'False', 'debug': 'False', 'log_format': 'default', 'partial_parse': 'True', 'send_anonymous_usage_stats': 'True', 'quiet': 'False', 'warn_error': 'None', 'profiles_dir': 'C:\\Users\\USER\\.dbt', 'use_colors': 'True', 'invocation_command': 'dbt init', 'indirect_selection': 'eager', 'use_experimental_parser': 'False', 'log_path': 'logs'}
[0m09:53:45.302575 [info ] [MainThread]: Creating dbt configuration folder at C:\Users\USER\.dbt
[0m09:54:16.165699 [debug] [MainThread]: Starter project path: C:\Users\USER\Desktop\DEVOPS GRIND\dbt\.venv\Lib\site-packages\dbt\include\starter_project
[0m09:54:16.201164 [info ] [MainThread]: 
Your new dbt project "dbt_new_project" was created!

For more information on how to configure the profiles.yml file,
please consult the dbt documentation here:

  https://docs.getdbt.com/docs/configure-your-profile

One more thing:

Need help? Don't hesitate to reach out to us via GitHub issues or on Slack:

  https://community.getdbt.com/

Happy modeling!

[0m09:54:16.201959 [info ] [MainThread]: Setting up your profile.
[0m09:54:37.096040 [debug] [MainThread]: Spark adapter: Setting pyhive.hive logging to ERROR
[0m09:54:37.096542 [debug] [MainThread]: Spark adapter: Setting thrift.transport logging to ERROR
[0m09:54:37.096894 [debug] [MainThread]: Spark adapter: Setting thrift.protocol logging to ERROR
[0m10:03:11.067011 [info ] [MainThread]: Profile dbt_new_project written to C:\Users\USER\.dbt\profiles.yml using target's profile_template.yml and your supplied values. Run 'dbt debug' to validate the connection.
[0m10:03:11.069190 [debug] [MainThread]: Command `dbt init` succeeded at 10:03:11.069003 after 566.37 seconds
[0m10:03:11.069738 [debug] [MainThread]: Sending event: {'category': 'dbt', 'action': 'invocation', 'label': 'end', 'context': [<snowplow_tracker.self_describing_json.SelfDescribingJson object at 0x0000022B68BCCB00>, <snowplow_tracker.self_describing_json.SelfDescribingJson object at 0x0000022B68B50170>, <snowplow_tracker.self_describing_json.SelfDescribingJson object at 0x0000022B6AE13020>]}
[0m10:03:11.070325 [debug] [MainThread]: Flushing usage events
[0m10:03:12.481474 [debug] [MainThread]: An error was encountered while trying to flush usage events
[0m10:03:30.182542 [debug] [MainThread]: Sending event: {'category': 'dbt', 'action': 'invocation', 'label': 'start', 'context': [<snowplow_tracker.self_describing_json.SelfDescribingJson object at 0x0000024DAB37DFD0>, <snowplow_tracker.self_describing_json.SelfDescribingJson object at 0x0000024DAD687ED0>, <snowplow_tracker.self_describing_json.SelfDescribingJson object at 0x0000024DAD687B10>]}


============================== 10:03:30.192461 | bb853c8a-58a7-4f83-ab2e-51659d532f6c ==============================
[0m10:03:30.192461 [info ] [MainThread]: Running with dbt=1.11.6
[0m10:03:30.193123 [debug] [MainThread]: running dbt with arguments {'static_parser': 'True', 'no_print': 'None', 'version_check': 'True', 'target_path': 'None', 'warn_error_options': 'WarnErrorOptionsV2(error=[], warn=[], silence=[])', 'printer_width': '80', 'write_json': 'True', 'introspect': 'True', 'log_cache_events': 'False', 'empty': 'None', 'cache_selected_only': 'False', 'fail_fast': 'False', 'debug': 'False', 'log_format': 'default', 'profiles_dir': 'C:\\Users\\USER\\.dbt', 'send_anonymous_usage_stats': 'True', 'quiet': 'False', 'warn_error': 'None', 'partial_parse': 'True', 'use_colors': 'True', 'invocation_command': 'dbt debug', 'indirect_selection': 'eager', 'use_experimental_parser': 'False', 'log_path': 'logs'}
[0m10:03:30.231845 [info ] [MainThread]: dbt version: 1.11.6
[0m10:03:30.232377 [info ] [MainThread]: python version: 3.13.5
[0m10:03:30.232768 [info ] [MainThread]: python path: C:\Users\USER\Desktop\DEVOPS GRIND\dbt\.venv\Scripts\python.exe
[0m10:03:30.233154 [info ] [MainThread]: os info: Windows-11-10.0.26200-SP0
[0m10:03:31.701555 [debug] [MainThread]: Spark adapter: Setting pyhive.hive logging to ERROR
[0m10:03:31.702265 [debug] [MainThread]: Spark adapter: Setting thrift.transport logging to ERROR
[0m10:03:31.702664 [debug] [MainThread]: Spark adapter: Setting thrift.protocol logging to ERROR
[0m10:03:32.726331 [info ] [MainThread]: Using profiles dir at C:\Users\USER\.dbt
[0m10:03:32.726936 [info ] [MainThread]: Using profiles.yml file at C:\Users\USER\.dbt\profiles.yml
[0m10:03:32.727349 [info ] [MainThread]: Using dbt_project.yml file at C:\Users\USER\Desktop\DEVOPS GRIND\dbt\dbt_project.yml
[0m10:03:32.727754 [info ] [MainThread]: adapter type: databricks
[0m10:03:32.728127 [info ] [MainThread]: adapter version: 1.11.6
[0m10:03:32.728587 [info ] [MainThread]: Configuration:
[0m10:03:32.728969 [info ] [MainThread]:   profiles.yml file [[32mOK found and valid[0m]
[0m10:03:32.729342 [info ] [MainThread]:   dbt_project.yml file [[31mERROR not found[0m]
[0m10:03:32.729791 [info ] [MainThread]: Required dependencies:
[0m10:03:32.730253 [debug] [MainThread]: Executing "git --help"
[0m10:03:32.791431 [debug] [MainThread]: STDOUT: "b"usage: git [-v | --version] [-h | --help] [-C <path>] [-c <name>=<value>]\n           [--exec-path[=<path>]] [--html-path] [--man-path] [--info-path]\n           [-p | --paginate | -P | --no-pager] [--no-replace-objects] [--no-lazy-fetch]\n           [--no-optional-locks] [--no-advice] [--bare] [--git-dir=<path>]\n           [--work-tree=<path>] [--namespace=<name>] [--config-env=<name>=<envvar>]\n           <command> [<args>]\n\nThese are common Git commands used in various situations:\n\nstart a working area (see also: git help tutorial)\n   clone      Clone a repository into a new directory\n   init       Create an empty Git repository or reinitialize an existing one\n\nwork on the current change (see also: git help everyday)\n   add        Add file contents to the index\n   mv         Move or rename a file, a directory, or a symlink\n   restore    Restore working tree files\n   rm         Remove files from the working tree and from the index\n\nexamine the history and state (see also: git help revisions)\n   bisect     Use binary search to find the commit that introduced a bug\n   diff       Show changes between commits, commit and working tree, etc\n   grep       Print lines matching a pattern\n   log        Show commit logs\n   show       Show various types of objects\n   status     Show the working tree status\n\ngrow, mark and tweak your common history\n   backfill   Download missing objects in a partial clone\n   branch     List, create, or delete branches\n   commit     Record changes to the repository\n   merge      Join two or more development histories together\n   rebase     Reapply commits on top of another base tip\n   reset      Reset current HEAD to the specified state\n   switch     Switch branches\n   tag        Create, list, delete or verify a tag object signed with GPG\n\ncollaborate (see also: git help workflows)\n   fetch      Download objects and refs from another repository\n   pull       Fetch from and integrate with another repository or a local branch\n   push       Update remote refs along with associated objects\n\n'git help -a' and 'git help -g' list available subcommands and some\nconcept guides. See 'git help <command>' or 'git help <concept>'\nto read about a specific subcommand or concept.\nSee 'git help git' for an overview of the system.\n""
[0m10:03:32.791945 [debug] [MainThread]: STDERR: "b''"
[0m10:03:32.792396 [info ] [MainThread]:  - git [[32mOK found[0m]

[0m10:03:32.792873 [info ] [MainThread]: Connection:
[0m10:03:32.793366 [info ] [MainThread]:   host: dbc-deda30dd-a125.cloud.databricks.com
[0m10:03:32.796409 [info ] [MainThread]:   http_path: /sql/1.0/warehouses/5b034f2e96dec7ea
[0m10:03:32.798302 [info ] [MainThread]:   catalog: dbt_working
[0m10:03:32.798961 [info ] [MainThread]:   schema: default
[0m10:03:32.799875 [info ] [MainThread]: Registered adapter: databricks=1.11.6
[0m10:03:33.616923 [warn ] [MainThread]: [[33mWARNING[0m]: Use managed Iceberg tables when table_format is iceberg. When this flag is disabled, UniForm is used instead.
You may opt into the new behavior sooner by setting `flags.use_managed_iceberg` to `True` in `dbt_project.yml`.
Visit https://docs.getdbt.com/reference/global-configs/behavior-changes for more information.
[0m10:03:33.617767 [debug] [MainThread]: Sending event: {'category': 'dbt', 'action': 'BehaviorChangeEvent', 'label': 'bb853c8a-58a7-4f83-ab2e-51659d532f6c', 'context': [<snowplow_tracker.self_describing_json.SelfDescribingJson object at 0x0000024DBDDE6060>]}
[0m10:03:33.618362 [debug] [MainThread]: Databricks adapter: DatabricksDBTConnection(session-id=None, name=debug) - Creating connection
[0m10:03:33.618830 [debug] [MainThread]: Acquiring new databricks connection 'debug'
[0m10:03:33.619233 [debug] [MainThread]: Using databricks connection "debug"
[0m10:03:33.619660 [debug] [MainThread]: On debug: select 1 as id
[0m10:03:33.619982 [debug] [MainThread]: Opening a new connection, currently in state init
[0m10:03:35.026082 [debug] [MainThread]: Databricks adapter: Connection(session-id=01f12671-7878-1c7c-8c85-d5a12580cadf) - Created
[0m10:03:35.831896 [debug] [MainThread]: SQL status: OK in 2.210 seconds
[0m10:03:35.832996 [debug] [MainThread]: Databricks adapter: Cursor(session-id=01f12671-7878-1c7c-8c85-d5a12580cadf, command-id=01f12671-78a8-1059-95e5-68fb0fa6a6cd) - Closing
[0m10:03:35.833507 [debug] [MainThread]: On debug: Close
[0m10:03:35.833874 [debug] [MainThread]: Databricks adapter: Connection(session-id=01f12671-7878-1c7c-8c85-d5a12580cadf) - Closing
[0m10:03:36.163547 [info ] [MainThread]:   Connection test: [[32mOK connection ok[0m]

[0m10:03:36.164209 [info ] [MainThread]: [31m1 check failed:[0m
[0m10:03:36.164703 [info ] [MainThread]: Project loading failed for the following reason:
 project path <C:\Users\USER\Desktop\DEVOPS GRIND\dbt\dbt_project.yml> not found

[0m10:03:36.165814 [debug] [MainThread]: Command `dbt debug` failed at 10:03:36.165653 after 6.21 seconds
[0m10:03:36.166299 [debug] [MainThread]: Sending event: {'category': 'dbt', 'action': 'invocation', 'label': 'end', 'context': [<snowplow_tracker.self_describing_json.SelfDescribingJson object at 0x0000024DBDD8D9D0>, <snowplow_tracker.self_describing_json.SelfDescribingJson object at 0x0000024DBDD8DAE0>, <snowplow_tracker.self_describing_json.SelfDescribingJson object at 0x0000024DBDCD3950>]}
[0m10:03:36.166725 [debug] [MainThread]: Flushing usage events
[0m10:03:37.649853 [debug] [MainThread]: An error was encountered while trying to flush usage events
